  Performing Custom Build Tools
  Building and assembling rdrand.asm
   Assembling: D:\Projects\gm_hash\cryptopp-CRYPTOPP_8_2_0\rdrand.asm
  pch.cpp
  cryptlib.cpp
  cpu.cpp
  integer.cpp
  3way.cpp
  adler32.cpp
  algebra.cpp
  algparam.cpp
  arc4.cpp
  aria.cpp
  aria_simd.cpp
  ariatab.cpp
  asn.cpp
  authenc.cpp
  base32.cpp
  base64.cpp
  basecode.cpp
  bfinit.cpp
  blake2.cpp
  blake2s_simd.cpp
  blake2b_simd.cpp
  Generating Code...
  Compiling...
  blowfish.cpp
  blumshub.cpp
  camellia.cpp
  cast.cpp
  casts.cpp
  cbcmac.cpp
  ccm.cpp
  chacha.cpp
  chacha_simd.cpp
  chachapoly.cpp
  cham.cpp
  cham_simd.cpp
  channels.cpp
  cmac.cpp
  crc.cpp
  crc_simd.cpp
  darn.cpp
  default.cpp
  des.cpp
  dessp.cpp
  Generating Code...
  Compiling...
  dh.cpp
  dh2.cpp
  donna_32.cpp
  donna_64.cpp
  donna_sse.cpp
  dsa.cpp
  eax.cpp
  ec2n.cpp
  ecp.cpp
  elgamal.cpp
  emsa2.cpp
  esign.cpp
  files.cpp
  filters.cpp
  fips140.cpp
  fipstest.cpp
  gcm.cpp
  gcm_simd.cpp
  gf256.cpp
  gf2_32.cpp
  Generating Code...
  Compiling...
  gf2n.cpp
  gf2n_simd.cpp
  gfpcrypt.cpp
  gost.cpp
  gzip.cpp
  hc128.cpp
  hc256.cpp
  hex.cpp
  hight.cpp
  hmac.cpp
  hrtimer.cpp
  ida.cpp
  idea.cpp
  kalyna.cpp
  kalynatab.cpp
  keccak.cpp
  keccak_core.cpp
  keccak_simd.cpp
  lea.cpp
  lea_simd.cpp
  Generating Code...
  Compiling...
  luc.cpp
  mars.cpp
  marss.cpp
  md2.cpp
  md4.cpp
  md5.cpp
  misc.cpp
  modes.cpp
  mqueue.cpp
  mqv.cpp
  nbtheory.cpp
  oaep.cpp
  osrng.cpp
  padlkrng.cpp
  panama.cpp
  pkcspad.cpp
  poly1305.cpp
  polynomi.cpp
  pssr.cpp
  pubkey.cpp
  Generating Code...
  Compiling...
  queue.cpp
  rabin.cpp
  randpool.cpp
  rabbit.cpp
  rc2.cpp
  rc5.cpp
  rc6.cpp
  rdrand.cpp
  rdtables.cpp
  rijndael.cpp
  rijndael_simd.cpp
  ripemd.cpp
  rng.cpp
  rsa.cpp
  rw.cpp
  safer.cpp
  salsa.cpp
  scrypt.cpp
  seal.cpp
  seed.cpp
  Generating Code...
  Compiling...
  serpent.cpp
  sha.cpp
  sha_simd.cpp
  sha3.cpp
  shacal2.cpp
  shacal2_simd.cpp
  shake.cpp
  shark.cpp
  sharkbox.cpp
  simeck.cpp
  simeck_simd.cpp
  simon.cpp
  simon64_simd.cpp
  simon128_simd.cpp
  simple.cpp
  skipjack.cpp
  sm3.cpp
  sm4.cpp
  sm4_simd.cpp
  sosemanuk.cpp
  Generating Code...
  Compiling...
  speck.cpp
  speck64_simd.cpp
  speck128_simd.cpp
  square.cpp
  squaretb.cpp
  sse_simd.cpp
  strciphr.cpp
  tea.cpp
  tftables.cpp
  threefish.cpp
  tiger.cpp
  tigertab.cpp
  ttmac.cpp
  tweetnacl.cpp
  twofish.cpp
  vmac.cpp
  wake.cpp
  whrlpool.cpp
  xed25519.cpp
  xtr.cpp
  Generating Code...
  Compiling...
  xtrcrypt.cpp
  zdeflate.cpp
  zinflate.cpp
  zlib.cpp
  Generating Code...
  chacha_avx.cpp
  dll.cpp
  iterhash.cpp
  Generating Code...
  cryptlib.vcxproj -> D:\Projects\gm_hash\cryptopp-CRYPTOPP_8_2_0\Win32\Output\Release\cryptlib.lib
